# JRE version: Java(TM) SE Runtime Environment (8.0_241-b07) (build 1.8.0_241-b07)
# Java VM: Java HotSpot(TM) 64-Bit Server VM (25.241-b07 mixed mode windows-amd64 compressed oops)
Heap:
 PSYoungGen      total 93184K, used 69185K [0x00000000d6800000, 0x00000000dfd00000, 0x0000000100000000)
  eden space 58368K, 61% used [0x00000000d6800000,0x00000000d8b16368,0x00000000da100000)
  from space 34816K, 95% used [0x00000000dc980000,0x00000000de9fa3c0,0x00000000deb80000)
  to   space 41472K, 0% used [0x00000000da100000,0x00000000da100000,0x00000000dc980000)
 ParOldGen       total 416256K, used 321851K [0x0000000083800000, 0x000000009ce80000, 0x00000000d6800000)
  object space 416256K, 77% used [0x0000000083800000,0x000000009724ee78,0x000000009ce80000)
 Metaspace       used 18257K, capacity 19056K, committed 19200K, reserved 1064960K
  class space    used 2522K, capacity 2745K, committed 2816K, reserved 1048576K
GC Heap History (10 events):
Event: 11.586 GC heap before
{Heap before GC invocations=7 (full 2):
 PSYoungGen      total 39936K, used 36284K [0x00000000d6800000, 0x00000000da800000, 0x0000000100000000)
  eden space 38400K, 90% used [0x00000000d6800000,0x00000000d8a123f8,0x00000000d8d80000)
  from space 1536K, 90% used [0x00000000da680000,0x00000000da7dcc50,0x00000000da800000)
  to   space 5120K, 0% used [0x00000000d9e00000,0x00000000d9e00000,0x00000000da300000)
 ParOldGen       total 302080K, used 221609K [0x0000000083800000, 0x0000000095f00000, 0x00000000d6800000)
  object space 302080K, 73% used [0x0000000083800000,0x000000009106a478,0x0000000095f00000)
 Metaspace       used 17892K, capacity 18632K, committed 18944K, reserved 1064960K
  class space    used 2490K, capacity 2711K, committed 2816K, reserved 1048576K
Event: 11.592 GC heap after
Heap after GC invocations=7 (full 2):
 PSYoungGen      total 55296K, used 1395K [0x00000000d6800000, 0x00000000dc800000, 0x0000000100000000)
  eden space 50176K, 0% used [0x00000000d6800000,0x00000000d6800000,0x00000000d9900000)
  from space 5120K, 27% used [0x00000000d9e00000,0x00000000d9f5cc50,0x00000000da300000)
  to   space 24064K, 0% used [0x00000000db080000,0x00000000db080000,0x00000000dc800000)
 ParOldGen       total 302080K, used 248946K [0x0000000083800000, 0x0000000095f00000, 0x00000000d6800000)
  object space 302080K, 82% used [0x0000000083800000,0x0000000092b1cad8,0x0000000095f00000)
 Metaspace       used 17892K, capacity 18632K, committed 18944K, reserved 1064960K
  class space    used 2490K, capacity 2711K, committed 2816K, reserved 1048576K
}
Event: 11.633 GC heap before
{Heap before GC invocations=8 (full 2):
 PSYoungGen      total 55296K, used 48051K [0x00000000d6800000, 0x00000000dc800000, 0x0000000100000000)
  eden space 50176K, 92% used [0x00000000d6800000,0x00000000d9590168,0x00000000d9900000)
  from space 5120K, 27% used [0x00000000d9e00000,0x00000000d9f5cc50,0x00000000da300000)
  to   space 24064K, 0% used [0x00000000db080000,0x00000000db080000,0x00000000dc800000)
 ParOldGen       total 302080K, used 248946K [0x0000000083800000, 0x0000000095f00000, 0x00000000d6800000)
  object space 302080K, 82% used [0x0000000083800000,0x0000000092b1cad8,0x0000000095f00000)
 Metaspace       used 17892K, capacity 18632K, committed 18944K, reserved 1064960K
  class space    used 2490K, capacity 2711K, committed 2816K, reserved 1048576K
Event: 11.659 GC heap after
Heap after GC invocations=8 (full 2):
 PSYoungGen      total 70144K, used 19620K [0x00000000d6800000, 0x00000000de780000, 0x0000000100000000)
  eden space 46080K, 0% used [0x00000000d6800000,0x00000000d6800000,0x00000000d9500000)
  from space 24064K, 81% used [0x00000000db080000,0x00000000dc3a9090,0x00000000dc800000)
  to   space 28160K, 0% used [0x00000000d9500000,0x00000000d9500000,0x00000000db080000)
 ParOldGen       total 302080K, used 267171K [0x0000000083800000, 0x0000000095f00000, 0x00000000d6800000)
  object space 302080K, 88% used [0x0000000083800000,0x0000000093ce8f18,0x0000000095f00000)
 Metaspace       used 17892K, capacity 18632K, committed 18944K, reserved 1064960K
  class space    used 2490K, capacity 2711K, committed 2816K, reserved 1048576K
}
Event: 11.659 GC heap before
{Heap before GC invocations=9 (full 3):
 PSYoungGen      total 70144K, used 19620K [0x00000000d6800000, 0x00000000de780000, 0x0000000100000000)
  eden space 46080K, 0% used [0x00000000d6800000,0x00000000d6800000,0x00000000d9500000)
  from space 24064K, 81% used [0x00000000db080000,0x00000000dc3a9090,0x00000000dc800000)
  to   space 28160K, 0% used [0x00000000d9500000,0x00000000d9500000,0x00000000db080000)
 ParOldGen       total 302080K, used 267171K [0x0000000083800000, 0x0000000095f00000, 0x00000000d6800000)
  object space 302080K, 88% used [0x0000000083800000,0x0000000093ce8f18,0x0000000095f00000)
 Metaspace       used 17892K, capacity 18632K, committed 18944K, reserved 1064960K
  class space    used 2490K, capacity 2711K, committed 2816K, reserved 1048576K
Event: 11.733 GC heap after
Heap after GC invocations=9 (full 3):
 PSYoungGen      total 70144K, used 0K [0x00000000d6800000, 0x00000000de780000, 0x0000000100000000)
  eden space 46080K, 0% used [0x00000000d6800000,0x00000000d6800000,0x00000000d9500000)
  from space 24064K, 0% used [0x00000000db080000,0x00000000db080000,0x00000000dc800000)
  to   space 28160K, 0% used [0x00000000d9500000,0x00000000d9500000,0x00000000db080000)
 ParOldGen       total 416256K, used 285401K [0x0000000083800000, 0x000000009ce80000, 0x00000000d6800000)
  object space 416256K, 68% used [0x0000000083800000,0x0000000094eb65f8,0x000000009ce80000)
 Metaspace       used 17892K, capacity 18632K, committed 18944K, reserved 1064960K
  class space    used 2490K, capacity 2711K, committed 2816K, reserved 1048576K
}
Event: 11.771 GC heap before
{Heap before GC invocations=10 (full 3):
 PSYoungGen      total 70144K, used 45393K [0x00000000d6800000, 0x00000000de780000, 0x0000000100000000)
  eden space 46080K, 98% used [0x00000000d6800000,0x00000000d9454698,0x00000000d9500000)
  from space 24064K, 0% used [0x00000000db080000,0x00000000db080000,0x00000000dc800000)
  to   space 28160K, 0% used [0x00000000d9500000,0x00000000d9500000,0x00000000db080000)
 ParOldGen       total 416256K, used 285401K [0x0000000083800000, 0x000000009ce80000, 0x00000000d6800000)
  object space 416256K, 68% used [0x0000000083800000,0x0000000094eb65f8,0x000000009ce80000)
 Metaspace       used 17892K, capacity 18632K, committed 18944K, reserved 1064960K
  class space    used 2490K, capacity 2711K, committed 2816K, reserved 1048576K
Event: 11.795 GC heap after
Heap after GC invocations=10 (full 3):
 PSYoungGen      total 74240K, used 27561K [0x00000000d6800000, 0x00000000deb80000, 0x0000000100000000)
  eden space 46080K, 0% used [0x00000000d6800000,0x00000000d6800000,0x00000000d9500000)
  from space 28160K, 97% used [0x00000000d9500000,0x00000000dafea660,0x00000000db080000)
  to   space 34816K, 0% used [0x00000000dc980000,0x00000000dc980000,0x00000000deb80000)
 ParOldGen       total 416256K, used 294514K [0x0000000083800000, 0x000000009ce80000, 0x00000000d6800000)
  object space 416256K, 70% used [0x0000000083800000,0x000000009579c818,0x000000009ce80000)
 Metaspace       used 17892K, capacity 18632K, committed 18944K, reserved 1064960K
  class space    used 2490K, capacity 2711K, committed 2816K, reserved 1048576K
}
Event: 11.838 GC heap before
{Heap before GC invocations=11 (full 3):
 PSYoungGen      total 74240K, used 69514K [0x00000000d6800000, 0x00000000deb80000, 0x0000000100000000)
  eden space 46080K, 91% used [0x00000000d6800000,0x00000000d90f8338,0x00000000d9500000)
  from space 28160K, 97% used [0x00000000d9500000,0x00000000dafea660,0x00000000db080000)
  to   space 34816K, 0% used [0x00000000dc980000,0x00000000dc980000,0x00000000deb80000)
 ParOldGen       total 416256K, used 294514K [0x0000000083800000, 0x000000009ce80000, 0x00000000d6800000)
  object space 416256K, 70% used [0x0000000083800000,0x000000009579c818,0x000000009ce80000)
 Metaspace       used 17892K, capacity 18632K, committed 18944K, reserved 1064960K
  class space    used 2490K, capacity 2711K, committed 2816K, reserved 1048576K
Event: 11.881 GC heap after
Heap after GC invocations=11 (full 3):
 PSYoungGen      total 93184K, used 33256K [0x00000000d6800000, 0x00000000dfd00000, 0x0000000100000000)
  eden space 58368K, 0% used [0x00000000d6800000,0x00000000d6800000,0x00000000da100000)
  from space 34816K, 95% used [0x00000000dc980000,0x00000000de9fa3c0,0x00000000deb80000)
  to   space 41472K, 0% used [0x00000000da100000,0x00000000da100000,0x00000000dc980000)
 ParOldGen       total 416256K, used 321851K [0x0000000083800000, 0x000000009ce80000, 0x00000000d6800000)
  object space 416256K, 77% used [0x0000000083800000,0x000000009724ee78,0x000000009ce80000)
 Metaspace       used 17892K, capacity 18632K, committed 18944K, reserved 1064960K
  class space    used 2490K, capacity 2711K, committed 2816K, reserved 1048576K
}

